Change Component Footprint: Designator=C14 Old Footprint=C0603 New Footprint=CAP0603
Change Component Footprint: Designator=C15 Old Footprint=C0603 New Footprint=CAP0603
Change Component Footprint: Designator=C6 Old Footprint=C0805 New Footprint=CAP0805
Change Component Footprint: Designator=C17 Old Footprint=C0805 New Footprint=CAP0805
Change Component Footprint: Designator=C3 Old Footprint=C1206 New Footprint=CAP1206
Change Component Footprint: Designator=C9 Old Footprint=C1206 New Footprint=CAP1206
Change Component Footprint: Designator=C2 Old Footprint=CAP-SMD_BD6.3-L6.6-W6.6-FD New Footprint=110uf
Change Component Footprint: Designator=C8 Old Footprint=CAP-SMD_BD6.3-L6.6-W6.6-FD New Footprint=110uf
Change Component Footprint: Designator=C5 Old Footprint=CAP-SMD_BD6.3-L6.6-W6.6-FD New Footprint=220uf
Change Component Footprint: Designator=C11 Old Footprint=CAP-SMD_BD6.3-L6.6-W6.6-FD New Footprint=220uf
Change Component Footprint: Designator=C4 Old Footprint=CAP-SMD_L7.3-W4.3-R-RD New Footprint=CAP-SMD
Change Component Footprint: Designator=C10 Old Footprint=CAP-SMD_L7.3-W4.3-R-RD New Footprint=CAP-SMD
Change Component Footprint: Designator=C1 Old Footprint=CASE-A_3216 New Footprint=CASE-A-3216
Change Component Footprint: Designator=C7 Old Footprint=CASE-A_3216 New Footprint=CASE-A-3216
Change Component Footprint: Designator=C13 Old Footprint=CASE-A_3216 New Footprint=CASE-A-3216
Change Component Footprint: Designator=C16 Old Footprint=CASE-A_3216 New Footprint=CASE-A-3216
Change Component Footprint: Designator=C18 Old Footprint=CASE-A_3216 New Footprint=CASE-A-3216
Change Component Footprint: Designator=C19 Old Footprint=CASE-A_3216 New Footprint=CASE-A-3216
Change Component Footprint: Designator=CN1 Old Footprint=CONN-TH_XT30UPB-M New Footprint=XT30
Change Component Footprint: Designator=CN2 Old Footprint=CONN-TH_XT30UPB-M New Footprint=XT30
Change Component Footprint: Designator=J1 Old Footprint=HDR-M-2.54_1X3 New Footprint=Pin1X3
Change Component Footprint: Designator=J2 Old Footprint=HDR-M-2.54_1X4 New Footprint=Pin1X4
Change Component Footprint: Designator=J3 Old Footprint=HDR-M-2.54_1X6 New Footprint=Pin1x6
Change Component Footprint: Designator=J11 Old Footprint=HDR-M-2.54_1X6 New Footprint=Pin1x6
Change Component Footprint: Designator=L1 Old Footprint=IND-TH_BD9.5-P5.00-D0.7 New Footprint=L
Change Component Footprint: Designator=L2 Old Footprint=IND-TH_BD9.5-P5.00-D0.7 New Footprint=L
Change Component Footprint: Designator=DRIVE Old Footprint=LED-TH_BD3.0-P2.54-FD New Footprint=LED-LARGE-2
Change Component Footprint: Designator=POWER Old Footprint=LED-TH_BD3.9-P2.54-FD New Footprint=LED-LARGE-1
Change Component Footprint: Designator=R1 Old Footprint=R0603 New Footprint=RES0603
Change Component Footprint: Designator=R2 Old Footprint=R0603 New Footprint=RES0603
Change Component Footprint: Designator=R3 Old Footprint=R0603 New Footprint=RES0603
Change Component Footprint: Designator=R6 Old Footprint=R0603 New Footprint=RES0603
Change Component Footprint: Designator=R7 Old Footprint=R0603 New Footprint=RES0603
Change Component Footprint: Designator=R8 Old Footprint=R0603 New Footprint=RES0603
Change Component Footprint: Designator=R9 Old Footprint=R0603 New Footprint=RES0603
Change Component Footprint: Designator=R12 Old Footprint=R0603 New Footprint=RES0603
Change Component Footprint: Designator=R13 Old Footprint=R0603 New Footprint=RES0603
Change Component Footprint: Designator=R14 Old Footprint=R0603 New Footprint=RES0603
Change Component Footprint: Designator=R64 Old Footprint=R0603 New Footprint=RES0603
Change Component Footprint: Designator=R65 Old Footprint=R0603 New Footprint=RES0603
Change Component Footprint: Designator=R69 Old Footprint=R0603 New Footprint=RES0603
Change Component Footprint: Designator=R70 Old Footprint=R0603 New Footprint=RES0603
Change Component Footprint: Designator=R4 Old Footprint=R0805 New Footprint=RES0805
Change Component Footprint: Designator=R5 Old Footprint=R0805 New Footprint=RES0805
Change Component Footprint: Designator=R10 Old Footprint=R0805 New Footprint=RES0805
Change Component Footprint: Designator=R11 Old Footprint=R0805 New Footprint=RES0805
Change Component Footprint: Designator=D1 Old Footprint=SMA_L4.4-W2.8-LS5.4-R-RD New Footprint=SS54
Change Component Footprint: Designator=D4 Old Footprint=SMA_L4.4-W2.8-LS5.4-R-RD New Footprint=SS54
Change Component Footprint: Designator=D2 Old Footprint=SOD-123_L2.8-W1.8-LS3.7-FD New Footprint=Diode
Change Component Footprint: Designator=D5 Old Footprint=SOD-123_L2.8-W1.8-LS3.7-FD New Footprint=Diode
Change Component Footprint: Designator=D3 Old Footprint=SOD-123_L2.8-W1.8-LS3.7-RD New Footprint=BTZ52C16
Change Component Footprint: Designator=U2 Old Footprint=SOIC-8_L4.9-W3.9-P1.27-LS6.0-BL New Footprint=MC34063
Change Component Footprint: Designator=U5 Old Footprint=SOIC-8_L4.9-W3.9-P1.27-LS6.0-BL New Footprint=MC34063
Change Component Footprint: Designator=U6 Old Footprint=SOIC-8_L5.0-W4.0-P1.27-LS6.0-BL New Footprint=LM358
Change Component Footprint: Designator=U4 Old Footprint=SOT-223_L6.7-W3.5-P2.30-BR New Footprint=AMS1117
Change Component Footprint: Designator=DRIVE Old Footprint=SW-TH_SS-12F44-G5 New Footprint=Switch
Change Component Footprint: Designator=POWER Old Footprint=SW-TH_SS-12F44-G5 New Footprint=Switch
Change Component Footprint: Designator=U1 Old Footprint=TO-263-3L_L10.0-W9.2-P2.54-TL New Footprint=LM2940S
Change Component Footprint: Designator=U3 Old Footprint=TO-263-3L_L10.0-W9.2-P2.54-TL New Footprint=LM2940S
