Change Component Footprint: Designator=C1 Old Footprint=C0603 New Footprint=CAP0603
Change Component Footprint: Designator=C2 Old Footprint=C0603 New Footprint=CAP0603
Change Component Footprint: Designator=C3 Old Footprint=C0603 New Footprint=CAP0603
Change Component Footprint: Designator=C4 Old Footprint=C0603 New Footprint=CAP0603
Change Component Footprint: Designator=C17 Old Footprint=C0603 New Footprint=CAP0603
Change Component Footprint: Designator=C18 Old Footprint=C0603 New Footprint=CAP0603
Change Component Footprint: Designator=C19 Old Footprint=C0603 New Footprint=CAP0603
Change Component Footprint: Designator=C20 Old Footprint=C0603 New Footprint=CAP0603
Change Component Footprint: Designator=C21 Old Footprint=C0603 New Footprint=CAP0603
Change Component Footprint: Designator=C22 Old Footprint=C0603 New Footprint=CAP0603
Change Component Footprint: Designator=C23 Old Footprint=C0603 New Footprint=CAP0603
Change Component Footprint: Designator=C24 Old Footprint=C0603 New Footprint=CAP0603
Change Component Footprint: Designator=C25 Old Footprint=C0603 New Footprint=CAP0603
Change Component Footprint: Designator=C26 Old Footprint=C0603 New Footprint=CAP0603
Change Component Footprint: Designator=C27 Old Footprint=C0603 New Footprint=CAP0603
Change Component Footprint: Designator=C28 Old Footprint=C0603 New Footprint=CAP0603
Change Component Footprint: Designator=C29 Old Footprint=C0603 New Footprint=CAP0603
Change Component Footprint: Designator=C30 Old Footprint=C0603 New Footprint=CAP0603
Change Component Footprint: Designator=C31 Old Footprint=C0603 New Footprint=CAP0603
Change Component Footprint: Designator=C32 Old Footprint=C0603 New Footprint=CAP0603
Change Component Footprint: Designator=C33 Old Footprint=C0603 New Footprint=CAP0603
Change Component Footprint: Designator=C34 Old Footprint=C0603 New Footprint=CAP0603
Change Component Footprint: Designator=C35 Old Footprint=C0603 New Footprint=CAP0603
Change Component Footprint: Designator=C36 Old Footprint=C0603 New Footprint=CAP0603
Change Component Footprint: Designator=C37 Old Footprint=C0603 New Footprint=CAP0603
Change Component Footprint: Designator=C38 Old Footprint=C0603 New Footprint=CAP0603
Change Component Footprint: Designator=C39 Old Footprint=C0603 New Footprint=CAP0603
Change Component Footprint: Designator=C40 Old Footprint=C0603 New Footprint=CAP0603
Change Component Footprint: Designator=C41 Old Footprint=C0603 New Footprint=CAP0603
Change Component Footprint: Designator=C42 Old Footprint=C0603 New Footprint=CAP0603
Change Component Footprint: Designator=C43 Old Footprint=C0603 New Footprint=CAP0603
Change Component Footprint: Designator=CN4 Old Footprint=CONN-TH_XT30UPB-M New Footprint=XT30
Change Component Footprint: Designator=X1 Old Footprint=FC-135R_L3.2-W1.5 New Footprint=OSC2
Change Component Footprint: Designator=H1 Old Footprint=HDR-F-2.54_1X8 New Footprint=Pin1X8
Change Component Footprint: Designator=J3 Old Footprint=HDR-M-2.54_1X3 New Footprint=Pin1X3
Change Component Footprint: Designator=J4 Old Footprint=HDR-M-2.54_1X3 New Footprint=Pin1X3
Change Component Footprint: Designator=J5 Old Footprint=HDR-M-2.54_1X3 New Footprint=Pin1X3
Change Component Footprint: Designator=J6 Old Footprint=HDR-M-2.54_1X3 New Footprint=Pin1X3
Change Component Footprint: Designator=J7 Old Footprint=HDR-M-2.54_1X3 New Footprint=Pin1X3
Change Component Footprint: Designator=J8 Old Footprint=HDR-M-2.54_1X3 New Footprint=Pin1X3
Change Component Footprint: Designator=J9 Old Footprint=HDR-M-2.54_1X3 New Footprint=Pin1X3
Change Component Footprint: Designator=J10 Old Footprint=HDR-M-2.54_1X3 New Footprint=Pin1X3
Change Component Footprint: Designator=J14 Old Footprint=HDR-M-2.54_1X4 New Footprint=Pin1X4
Change Component Footprint: Designator=J11 Old Footprint=HDR-M-2.54_1X6 New Footprint=Pin1x6
Change Component Footprint: Designator=H2 Old Footprint=HDR-SMD_6P-P2.54-V-M-R2-C3-S2.54-LS7.4 New Footprint=Pin2X3
Change Component Footprint: Designator=SW3 Old Footprint=KEY-SMD_L6.2-W3.6-LS8.0 New Footprint=Key
Change Component Footprint: Designator=SW4 Old Footprint=KEY-SMD_L6.2-W3.6-LS8.0 New Footprint=Key
Change Component Footprint: Designator=L2 Old Footprint=L0603 New Footprint=RES0603
Change Component Footprint: Designator=L3 Old Footprint=L0603 New Footprint=RES0603
Change Component Footprint: Designator=LED3 Old Footprint=LED0805-RD_RED New Footprint=LED0603
Change Component Footprint: Designator=LED4 Old Footprint=LED0805-RD_RED New Footprint=LED0603
Change Component Footprint: Designator=LED5 Old Footprint=LED0805-RD_RED New Footprint=LED0603
Change Component Footprint: Designator=X2 Old Footprint=OSC-SMD_4P-L5.0-W3.2-BL New Footprint=OSC1
Change Component Footprint: Designator=Q3 Old Footprint=POWERVDFN-8_L6.2-W5.2-P1.27-LS6.0-BL New Footprint=MOS
Change Component Footprint: Designator=Q4 Old Footprint=POWERVDFN-8_L6.2-W5.2-P1.27-LS6.0-BL New Footprint=MOS
Change Component Footprint: Designator=Q5 Old Footprint=POWERVDFN-8_L6.2-W5.2-P1.27-LS6.0-BL New Footprint=MOS
Change Component Footprint: Designator=Q6 Old Footprint=POWERVDFN-8_L6.2-W5.2-P1.27-LS6.0-BL New Footprint=MOS
Change Component Footprint: Designator=Q7 Old Footprint=POWERVDFN-8_L6.2-W5.2-P1.27-LS6.0-BL New Footprint=MOS
Change Component Footprint: Designator=Q8 Old Footprint=POWERVDFN-8_L6.2-W5.2-P1.27-LS6.0-BL New Footprint=MOS
Change Component Footprint: Designator=Q9 Old Footprint=POWERVDFN-8_L6.2-W5.2-P1.27-LS6.0-BL New Footprint=MOS
Change Component Footprint: Designator=Q10 Old Footprint=POWERVDFN-8_L6.2-W5.2-P1.27-LS6.0-BL New Footprint=MOS
Change Component Footprint: Designator=R1 Old Footprint=R0603 New Footprint=RES0603
Change Component Footprint: Designator=R2 Old Footprint=R0603 New Footprint=RES0603
Change Component Footprint: Designator=R3 Old Footprint=R0603 New Footprint=RES0603
Change Component Footprint: Designator=R4 Old Footprint=R0603 New Footprint=RES0603
Change Component Footprint: Designator=R7 Old Footprint=R0603 New Footprint=RES0603
Change Component Footprint: Designator=R8 Old Footprint=R0603 New Footprint=RES0603
Change Component Footprint: Designator=R9 Old Footprint=R0603 New Footprint=RES0603
Change Component Footprint: Designator=R10 Old Footprint=R0603 New Footprint=RES0603
Change Component Footprint: Designator=R11 Old Footprint=R0603 New Footprint=RES0603
Change Component Footprint: Designator=R12 Old Footprint=R0603 New Footprint=RES0603
Change Component Footprint: Designator=R13 Old Footprint=R0603 New Footprint=RES0603
Change Component Footprint: Designator=R14 Old Footprint=R0603 New Footprint=RES0603
Change Component Footprint: Designator=R15 Old Footprint=R0603 New Footprint=RES0603
Change Component Footprint: Designator=R16 Old Footprint=R0603 New Footprint=RES0603
Change Component Footprint: Designator=R17 Old Footprint=R0603 New Footprint=RES0603
Change Component Footprint: Designator=R18 Old Footprint=R0603 New Footprint=RES0603
Change Component Footprint: Designator=R19 Old Footprint=R0603 New Footprint=RES0603
Change Component Footprint: Designator=R20 Old Footprint=R0603 New Footprint=RES0603
Change Component Footprint: Designator=R21 Old Footprint=R0603 New Footprint=RES0603
Change Component Footprint: Designator=R22 Old Footprint=R0603 New Footprint=RES0603
Change Component Footprint: Designator=R23 Old Footprint=R0603 New Footprint=RES0603
Change Component Footprint: Designator=R24 Old Footprint=R0603 New Footprint=RES0603
Change Component Footprint: Designator=R25 Old Footprint=R0603 New Footprint=RES0603
Change Component Footprint: Designator=R26 Old Footprint=R0603 New Footprint=RES0603
Change Component Footprint: Designator=R27 Old Footprint=R0603 New Footprint=RES0603
Change Component Footprint: Designator=R28 Old Footprint=R0603 New Footprint=RES0603
Change Component Footprint: Designator=R29 Old Footprint=R0603 New Footprint=RES0603
Change Component Footprint: Designator=R30 Old Footprint=R0603 New Footprint=RES0603
Change Component Footprint: Designator=R31 Old Footprint=R0603 New Footprint=RES0603
Change Component Footprint: Designator=R32 Old Footprint=R0603 New Footprint=RES0603
Change Component Footprint: Designator=R33 Old Footprint=R0603 New Footprint=RES0603
Change Component Footprint: Designator=R34 Old Footprint=R0603 New Footprint=RES0603
Change Component Footprint: Designator=R35 Old Footprint=R0603 New Footprint=RES0603
Change Component Footprint: Designator=R36 Old Footprint=R0603 New Footprint=RES0603
Change Component Footprint: Designator=R37 Old Footprint=R0603 New Footprint=RES0603
Change Component Footprint: Designator=R38 Old Footprint=R0603 New Footprint=RES0603
Change Component Footprint: Designator=R39 Old Footprint=R0603 New Footprint=RES0603
Change Component Footprint: Designator=R40 Old Footprint=R0603 New Footprint=RES0603
Change Component Footprint: Designator=R41 Old Footprint=R0603 New Footprint=RES0603
Change Component Footprint: Designator=R42 Old Footprint=R0603 New Footprint=RES0603
Change Component Footprint: Designator=R43 Old Footprint=R0603 New Footprint=RES0603
Change Component Footprint: Designator=R44 Old Footprint=R0603 New Footprint=RES0603
Change Component Footprint: Designator=R45 Old Footprint=R0603 New Footprint=RES0603
Change Component Footprint: Designator=R46 Old Footprint=R0603 New Footprint=RES0603
Change Component Footprint: Designator=R47 Old Footprint=R0603 New Footprint=RES0603
Change Component Footprint: Designator=R48 Old Footprint=R0603 New Footprint=RES0603
Change Component Footprint: Designator=R49 Old Footprint=R0603 New Footprint=RES0603
Change Component Footprint: Designator=R50 Old Footprint=R0603 New Footprint=RES0603
Change Component Footprint: Designator=R51 Old Footprint=R0603 New Footprint=RES0603
Change Component Footprint: Designator=R52 Old Footprint=R0603 New Footprint=RES0603
Change Component Footprint: Designator=R53 Old Footprint=R0603 New Footprint=RES0603
Change Component Footprint: Designator=R54 Old Footprint=R0603 New Footprint=RES0603
Change Component Footprint: Designator=R55 Old Footprint=R0603 New Footprint=RES0603
Change Component Footprint: Designator=R56 Old Footprint=R0603 New Footprint=RES0603
Change Component Footprint: Designator=R57 Old Footprint=R0603 New Footprint=RES0603
Change Component Footprint: Designator=R58 Old Footprint=R0603 New Footprint=RES0603
Change Component Footprint: Designator=R59 Old Footprint=R0603 New Footprint=RES0603
Change Component Footprint: Designator=R60 Old Footprint=R0603 New Footprint=RES0603
Change Component Footprint: Designator=R61 Old Footprint=R0603 New Footprint=RES0603
Change Component Footprint: Designator=R62 Old Footprint=R0603 New Footprint=RES0603
Change Component Footprint: Designator=R63 Old Footprint=R0603 New Footprint=RES0603
Change Component Footprint: Designator=R66 Old Footprint=R0603 New Footprint=RES0603
Change Component Footprint: Designator=R67 Old Footprint=R0603 New Footprint=RES0603
Change Component Footprint: Designator=R68 Old Footprint=R0603 New Footprint=RES0603
Change Component Footprint: Designator=D5 Old Footprint=SOD-123_L2.8-W1.8-LS3.7-FD New Footprint=Diode
Change Component Footprint: Designator=D6 Old Footprint=SOD-123_L2.8-W1.8-LS3.7-FD New Footprint=Diode
Change Component Footprint: Designator=Q2 Old Footprint=SOT-23-3_L2.9-W1.3-P1.90-LS2.4-BR New Footprint=TRIODE
Change Component Footprint: Designator=U6 Old Footprint=TSSOP-14_L5.0-W4.4-P0.65-LS6.5-BL New Footprint=SN74HC125PWR
Change Component Footprint: Designator=U7 Old Footprint=VQFN-24_L4.0-W4.0-P0.50-LS4.0-BL-EP New Footprint=DRV8701E
Change Component Footprint: Designator=U8 Old Footprint=VQFN-24_L4.0-W4.0-P0.50-LS4.0-BL-EP New Footprint=DRV8701E
Change Net Name : Old Net Name=VCC3V3 New Net Name=VDD_2
Added Room: Name=IEECS-MainBoard_2022-10-01
